<?xml version="1.0" encoding="UTF-8"?>
<testsuite name="org.zerock.b01.repository.MemberRepositoryTests" tests="1" skipped="0" failures="0" errors="0" timestamp="2025-03-11T02:39:42" hostname="MIT-303-09" time="0.533">
  <properties/>
  <testcase name="testInsert()" classname="org.zerock.b01.repository.MemberRepositoryTests" time="0.533"/>
  <system-out><![CDATA[11:39:37.729 [Test worker] INFO org.springframework.test.context.support.AnnotationConfigContextLoaderUtils -- Could not detect default configuration classes for test class [org.zerock.b01.repository.MemberRepositoryTests]: MemberRepositoryTests does not declare any static, non-private, non-final, nested classes annotated with @Configuration.
11:39:37.842 [Test worker] INFO org.springframework.boot.test.context.SpringBootTestContextBootstrapper -- Found @SpringBootConfiguration org.zerock.b01.B01Application for test class org.zerock.b01.repository.MemberRepositoryTests

  .   ____          _            __ _ _
 /\\ / ___'_ __ _ _(_)_ __  __ _ \ \ \ \
( ( )\___ | '_ | '_| | '_ \/ _` | \ \ \ \
 \\/  ___)| |_)| | | | | || (_| |  ) ) ) )
  '  |____| .__|_| |_|_| |_\__, | / / / /
 =========|_|==============|___/=/_/_/_/

 :: Spring Boot ::                (v3.4.2)

2025-03-11T11:39:38.281+09:00  INFO 18856 --- [b01] [    Test worker] o.z.b.repository.MemberRepositoryTests   : Starting MemberRepositoryTests using Java 17.0.8 with PID 18856 (started by MIT-303 in C:\Users\MIT-303\Documents\Seo\Spring\ONEFIT)
2025-03-11T11:39:38.283+09:00 DEBUG 18856 --- [b01] [    Test worker] o.z.b.repository.MemberRepositoryTests   : Running with Spring Boot v3.4.2, Spring v6.2.2
2025-03-11T11:39:38.283+09:00  INFO 18856 --- [b01] [    Test worker] o.z.b.repository.MemberRepositoryTests   : No active profile set, falling back to 1 default profile: "default"
2025-03-11T11:39:39.147+09:00  INFO 18856 --- [b01] [    Test worker] .s.d.r.c.RepositoryConfigurationDelegate : Bootstrapping Spring Data JPA repositories in DEFAULT mode.
2025-03-11T11:39:39.211+09:00  INFO 18856 --- [b01] [    Test worker] .s.d.r.c.RepositoryConfigurationDelegate : Finished Spring Data repository scanning in 55 ms. Found 1 JPA repository interface.
2025-03-11T11:39:39.738+09:00  INFO 18856 --- [b01] [    Test worker] o.hibernate.jpa.internal.util.LogHelper  : HHH000204: Processing PersistenceUnitInfo [name: default]
2025-03-11T11:39:39.801+09:00  INFO 18856 --- [b01] [    Test worker] org.hibernate.Version                    : HHH000412: Hibernate ORM core version 6.6.5.Final
2025-03-11T11:39:39.839+09:00  INFO 18856 --- [b01] [    Test worker] o.h.c.internal.RegionFactoryInitiator    : HHH000026: Second-level cache disabled
2025-03-11T11:39:40.131+09:00  INFO 18856 --- [b01] [    Test worker] o.s.o.j.p.SpringPersistenceUnitInfo      : No LoadTimeWeaver setup: ignoring JPA class transformer
2025-03-11T11:39:40.161+09:00  INFO 18856 --- [b01] [    Test worker] com.zaxxer.hikari.HikariDataSource       : HikariPool-1 - Starting...
2025-03-11T11:39:40.240+09:00  INFO 18856 --- [b01] [    Test worker] com.zaxxer.hikari.pool.HikariPool        : HikariPool-1 - Added connection org.mariadb.jdbc.Connection@16c0be3b
2025-03-11T11:39:40.242+09:00  INFO 18856 --- [b01] [    Test worker] com.zaxxer.hikari.HikariDataSource       : HikariPool-1 - Start completed.
2025-03-11T11:39:40.294+09:00  INFO 18856 --- [b01] [    Test worker] org.hibernate.orm.connections.pooling    : HHH10001005: Database info:
	Database JDBC URL [Connecting through datasource 'HikariDataSource (HikariPool-1)']
	Database driver: undefined/unknown
	Database version: 10.5.27
	Autocommit mode: undefined/unknown
	Isolation level: undefined/unknown
	Minimum pool size: undefined/unknown
	Maximum pool size: undefined/unknown
2025-03-11T11:39:41.029+09:00  INFO 18856 --- [b01] [    Test worker] o.h.e.t.j.p.i.JtaPlatformInitiator       : HHH000489: No JTA platform available (set 'hibernate.transaction.jta.platform' to enable JTA platform integration)
2025-03-11T11:39:41.078+09:00  INFO 18856 --- [b01] [    Test worker] j.LocalContainerEntityManagerFactoryBean : Initialized JPA EntityManagerFactory for persistence unit 'default'
2025-03-11T11:39:41.395+09:00  INFO 18856 --- [b01] [    Test worker] o.s.d.j.r.query.QueryEnhancerFactory     : Hibernate is in classpath; If applicable, HQL parser will be used.
2025-03-11T11:39:41.618+09:00  WARN 18856 --- [b01] [    Test worker] JpaBaseConfiguration$JpaWebConfiguration : spring.jpa.open-in-view is enabled by default. Therefore, database queries may be performed during view rendering. Explicitly configure spring.jpa.open-in-view to disable this warning
2025-03-11T11:39:41.644+09:00  INFO 18856 --- [b01] [    Test worker] o.s.b.a.w.s.WelcomePageHandlerMapping    : Adding welcome page: class path resource [static/index.html]
2025-03-11T11:39:42.082+09:00  INFO 18856 --- [b01] [    Test worker] o.z.b.repository.MemberRepositoryTests   : Started MemberRepositoryTests in 4.056 seconds (process running for 5.191)
Hibernate: 
    insert 
    into
        all_member
        (a_member_id, a_phone, a_psw, a_social, email, moddate, name, regdate, roles) 
    values
        (?, ?, ?, ?, ?, ?, ?, ?, ?)
2025-03-11T11:39:42.610+09:00  INFO 18856 --- [b01] [    Test worker] o.z.b.repository.MemberRepositoryTests   : All_id: 3
Hibernate: 
    insert 
    into
        all_member
        (a_member_id, a_phone, a_psw, a_social, email, moddate, name, regdate, roles) 
    values
        (?, ?, ?, ?, ?, ?, ?, ?, ?)
2025-03-11T11:39:42.616+09:00  INFO 18856 --- [b01] [    Test worker] o.z.b.repository.MemberRepositoryTests   : All_id: 4
]]></system-out>
  <system-err><![CDATA[]]></system-err>
</testsuite>
